[2020-04-12T02:20:34,172 INFO ] LOG - Removing all files from 'Reports' folder
[2020-04-12T02:20:34,227 INFO ] LOG - Executing test case: Navigate to the given test site and asserting it's title
[2020-04-12T02:20:34,242 INFO ] LOG - Navigating to test site: SauceDemo.com
[2020-04-12T02:20:34,243 INFO ] LOG - Browser: Chrome
[2020-04-12T02:20:43,791 INFO ] LOG - Successfully visited test site: SauceDemo.com
[2020-04-12T02:20:43,791 INFO ] LOG - Waiting for page to load
[2020-04-12T02:20:43,816 INFO ] LOG - Waiting ends, web page loaded
[2020-04-12T02:20:43,827 INFO ] LOG - Asserting text for: Page title
[2020-04-12T02:20:43,827 INFO ] LOG - Successfully asserted Page title
[2020-04-12T02:20:43,835 INFO ] LOG - Test Case Passed: navigateToSauceDemo
[2020-04-12T02:20:44,375 INFO ] LOG - Executing test case: Logging in to given test site and asserting it's title
[2020-04-12T02:20:44,391 INFO ] LOG - Logging in to SauceDemo.com
[2020-04-12T02:20:44,391 INFO ] LOG - Highlighting element: Username field
[2020-04-12T02:20:44,574 INFO ] LOG - Clearing field : Username field
[2020-04-12T02:20:44,574 INFO ] LOG - Waiting for web element: Username field to load on the page
[2020-04-12T02:20:44,669 INFO ] LOG - Waiting ends ... Web element loaded on the page
[2020-04-12T02:20:44,669 INFO ] LOG - Highlighting element: Username field
[2020-04-12T02:20:44,942 INFO ] LOG - Sending values to : Username field
[2020-04-12T02:20:45,143 INFO ] LOG - Highlighting element: Password field
[2020-04-12T02:20:45,245 INFO ] LOG - Clearing field : Password field
[2020-04-12T02:20:45,245 INFO ] LOG - Waiting for web element: Password field to load on the page
[2020-04-12T02:20:45,301 INFO ] LOG - Waiting ends ... Web element loaded on the page
[2020-04-12T02:20:45,301 INFO ] LOG - Highlighting element: Password field
[2020-04-12T02:20:45,483 INFO ] LOG - Sending values to : Password field
[2020-04-12T02:20:45,668 INFO ] LOG - Clicking on : Login button
[2020-04-12T02:20:45,736 INFO ] LOG - Highlighting element: Login button
[2020-04-12T02:20:48,803 INFO ] LOG - Clicked on : Login button
[2020-04-12T02:20:48,804 INFO ] LOG - Waiting for page to load
[2020-04-12T02:20:48,819 INFO ] LOG - Waiting ends, web page loaded
[2020-04-12T02:20:48,828 INFO ] LOG - Asserting text for: Page title
[2020-04-12T02:20:48,828 INFO ] LOG - Successfully asserted Page title
[2020-04-12T02:20:48,833 INFO ] LOG - Test Case Passed: loginToSauceDemo
[2020-04-12T02:20:48,909 INFO ] LOG - Executing test case: Logging out of given test site and asserting it's title
[2020-04-12T02:20:48,909 INFO ] LOG - Logging out of SauceDemo.com
[2020-04-12T02:20:49,333 ERROR] LOG - Test failed. Detailed error: Argument is of an illegal type: org.openqa.selenium.By$ByClassName
[2020-04-12T02:20:49,412 INFO ] LOG - Closing browser instance
